<?xml version="1.0" encoding="UTF-8"?>
<testng-results skipped="0" failed="0" ignored="0" total="1" passed="1">
  <reporter-output>
  </reporter-output>
  <suite name="Default suite" duration-ms="9202" started-at="2021-08-17T17:57:32Z" finished-at="2021-08-17T17:57:41Z">
    <groups>
    </groups>
    <test name="Default test" duration-ms="9202" started-at="2021-08-17T17:57:32Z" finished-at="2021-08-17T17:57:41Z">
      <class name="Pages.LogicalFlow">
        <test-method status="PASS" signature="program()[pri:0, instance:Pages.LogicalFlow@3532ec19]" name="program" duration-ms="9150" started-at="2021-08-17T17:57:32Z" finished-at="2021-08-17T17:57:41Z">
          <reporter-output>
          </reporter-output>
        </test-method> <!-- program -->
      </class> <!-- Pages.LogicalFlow -->
    </test> <!-- Default test -->
  </suite> <!-- Default suite -->
</testng-results>
