<?xml version="1.0" encoding="UTF-8"?>
<testng-results skipped="0" failed="0" ignored="0" total="1" passed="1">
  <reporter-output>
  </reporter-output>
  <suite name="Default suite" duration-ms="13553" started-at="2021-08-15T19:43:18Z" finished-at="2021-08-15T19:43:31Z">
    <groups>
    </groups>
    <test name="Default test" duration-ms="13553" started-at="2021-08-15T19:43:18Z" finished-at="2021-08-15T19:43:31Z">
      <class name="org.implementation.AdactinImplementation">
        <test-method status="PASS" signature="login()[pri:0, instance:org.implementation.AdactinImplementation@26653222]" name="login" duration-ms="13494" started-at="2021-08-15T19:43:18Z" finished-at="2021-08-15T19:43:31Z">
          <reporter-output>
          </reporter-output>
        </test-method> <!-- login -->
      </class> <!-- org.implementation.AdactinImplementation -->
    </test> <!-- Default test -->
  </suite> <!-- Default suite -->
</testng-results>
